<?xml version="1.0" encoding="UTF-8"?>
<!-- Generated by org.testng.reporters.JUnitReportReporter -->
<testsuite hostname="LAPTOP-D0T5BIHF" failures="0" tests="1" name="readexceldata.ReadExcel" time="7.591" errors="0" timestamp="2022-11-20T16:26:34 IST" skipped="0">
  <testcase classname="readexceldata.ReadExcel" name="ReadData" time="7.591"/>
  <system-out/>
</testsuite> <!-- readexceldata.ReadExcel -->
