<?xml version="1.0" encoding="UTF-8"?>
<!-- Generated by org.testng.reporters.JUnitReportReporter -->
<testsuite hostname="LAPTOP-D0T5BIHF" failures="0" tests="1" name="readexceldata.WriteExcel" time="0.698" errors="0" timestamp="2022-11-02T12:05:44 IST" skipped="0">
  <testcase classname="readexceldata.WriteExcel" name="WriteData" time="0.698"/>
  <system-out/>
</testsuite> <!-- readexceldata.WriteExcel -->
