<?xml version="1.0" encoding="UTF-8"?>
<!-- Generated by org.testng.reporters.JUnitReportReporter -->
<testsuite hostname="LAPTOP-D0T5BIHF" failures="0" tests="8" name="dataprovider.ParallelDp" time="0.015" errors="0" timestamp="2022-11-01T22:38:11 IST" skipped="0">
  <testcase classname="dataprovider.ParallelDp" name="testMethod" time="0.001"/>
  <system-out/>
  <testcase classname="dataprovider.ParallelDp" name="testMethod" time="0.010"/>
  <system-out/>
  <testcase classname="dataprovider.ParallelDp" name="testMethod" time="0.001"/>
  <system-out/>
  <testcase classname="dataprovider.ParallelDp" name="testMethod" time="0.000"/>
  <system-out/>
  <testcase classname="dataprovider.ParallelDp" name="testMethod" time="0.001"/>
  <system-out/>
  <testcase classname="dataprovider.ParallelDp" name="testMethod" time="0.001"/>
  <system-out/>
  <testcase classname="dataprovider.ParallelDp" name="testMethod" time="0.001"/>
  <system-out/>
  <testcase classname="dataprovider.ParallelDp" name="testMethod" time="0.000"/>
  <system-out/>
</testsuite> <!-- dataprovider.ParallelDp -->
