<?xml version="1.0" encoding="UTF-8"?>
<!-- Generated by org.testng.reporters.JUnitReportReporter -->
<testsuite hostname="LAPTOP-D0T5BIHF" failures="0" tests="3" name="dependency.Dependency_Test" time="8.936" errors="0" timestamp="2022-10-19T11:07:48 IST" skipped="0">
  <testcase classname="dependency.Dependency_Test" name="VarifyTitle" time="0.023"/>
  <system-out/>
  <testcase classname="dependency.Dependency_Test" name="launch_Browser" time="8.816"/>
  <system-out/>
  <testcase classname="dependency.Dependency_Test" name="ClickOnInvest" time="0.097"/>
  <system-out/>
</testsuite> <!-- dependency.Dependency_Test -->
