<?xml version="1.0" encoding="UTF-8"?>
<!-- Generated by org.testng.reporters.JUnitReportReporter -->
<testsuite hostname="LAPTOP-D0T5BIHF" failures="0" tests="3" name="dependency.ChildTest" time="25.289" errors="0" timestamp="2022-10-19T12:58:49 IST" skipped="0">
  <testcase classname="dependency.ChildTest" name="VarifyTitle" time="0.051"/>
  <system-out/>
  <testcase classname="dependency.ChildTest" name="launch_Browser" time="25.094"/>
  <system-out/>
  <testcase classname="dependency.ChildTest" name="ClickOnInvest" time="0.144"/>
  <system-out/>
</testsuite> <!-- dependency.ChildTest -->
