<?xml version="1.0" encoding="UTF-8"?>
<!-- Generated by org.testng.reporters.JUnitReportReporter -->
<testsuite hostname="LAPTOP-D0T5BIHF" failures="0" tests="1" name="paralleltesting.FirefoxTest" time="5.278" errors="0" timestamp="2022-11-01T10:16:33 IST" skipped="0">
  <testcase classname="paralleltesting.FirefoxTest" name="Firefoxlaunch" time="5.278"/>
  <system-out/>
</testsuite> <!-- paralleltesting.FirefoxTest -->
