<?xml version="1.0" encoding="UTF-8"?>
<!-- Generated by org.testng.reporters.JUnitReportReporter -->
<testsuite hostname="LAPTOP-D0T5BIHF" failures="0" tests="4" name="dependency.DependencyGroupEx1" time="0.015" errors="0" timestamp="2022-10-19T12:48:39 IST" skipped="0">
  <testcase classname="dependency.DependencyGroupEx1" name="c" time="0.001"/>
  <system-out/>
  <testcase classname="dependency.DependencyGroupEx1" name="d" time="0.012"/>
  <system-out/>
  <testcase classname="dependency.DependencyGroupEx1" name="a" time="0.001"/>
  <system-out/>
  <testcase classname="dependency.DependencyGroupEx1" name="b" time="0.001"/>
  <system-out/>
</testsuite> <!-- dependency.DependencyGroupEx1 -->
