<?xml version="1.0" encoding="UTF-8"?>
<!-- Generated by org.testng.reporters.JUnitReportReporter -->
<testsuite hostname="LAPTOP-D0T5BIHF" failures="0" tests="5" name="dataprovider.DpTest" time="53.306" errors="0" timestamp="2022-11-04T22:32:08 IST" skipped="0">
  <testcase classname="dataprovider.DpTest" name="f" time="10.231"/>
  <system-out/>
  <testcase classname="dataprovider.DpTest" name="f" time="12.946"/>
  <system-out/>
  <testcase classname="dataprovider.DpTest" name="f" time="11.684"/>
  <system-out/>
  <testcase classname="dataprovider.DpTest" name="f" time="10.183"/>
  <system-out/>
  <testcase classname="dataprovider.DpTest" name="f" time="8.262"/>
  <system-out/>
</testsuite> <!-- dataprovider.DpTest -->
