<?xml version="1.0" encoding="UTF-8"?>
<!-- Generated by org.testng.reporters.JUnitReportReporter -->
<testsuite hostname="LAPTOP-D0T5BIHF" failures="0" tests="3" name="assertdemo.SoftAssertEx2" time="7.104" errors="0" timestamp="2022-10-28T17:22:16 IST" skipped="0">
  <testcase classname="assertdemo.SoftAssertEx2" name="launch_Browser" time="7.041"/>
  <system-out/>
  <testcase classname="assertdemo.SoftAssertEx2" name="checkTitle" time="0.058"/>
  <system-out/>
  <testcase classname="assertdemo.SoftAssertEx2" name="checkURL" time="0.005"/>
  <system-out/>
</testsuite> <!-- assertdemo.SoftAssertEx2 -->
