<?xml version="1.0" encoding="UTF-8"?>
<!-- Generated by org.testng.reporters.JUnitReportReporter -->
<testsuite hostname="LAPTOP-D0T5BIHF" failures="0" tests="1" name="TestNgPrograms.SecondTest" time="8.108" errors="0" timestamp="2022-10-15T12:07:37 IST" skipped="0">
  <testcase classname="TestNgPrograms.SecondTest" name="f" time="8.108"/>
  <system-out/>
</testsuite> <!-- TestNgPrograms.SecondTest -->
