<?xml version="1.0" encoding="UTF-8"?>
<!-- Generated by org.testng.reporters.JUnitReportReporter -->
<testsuite hostname="LAPTOP-D0T5BIHF" failures="0" tests="5" name="paralleltesting.EdgeTest" time="42.570" errors="0" timestamp="2022-11-01T10:38:30 IST" skipped="0">
  <testcase classname="paralleltesting.EdgeTest" name="Edgelaunch" time="8.514"/>
  <system-out/>
  <testcase classname="paralleltesting.EdgeTest" name="Edgelaunch" time="8.516"/>
  <system-out/>
  <testcase classname="paralleltesting.EdgeTest" name="Edgelaunch" time="8.512"/>
  <system-out/>
  <testcase classname="paralleltesting.EdgeTest" name="Edgelaunch" time="8.512"/>
  <system-out/>
  <testcase classname="paralleltesting.EdgeTest" name="Edgelaunch" time="8.516"/>
  <system-out/>
</testsuite> <!-- paralleltesting.EdgeTest -->
