<?xml version="1.0" encoding="UTF-8"?>
<!-- Generated by org.testng.reporters.JUnitReportReporter -->
<testsuite hostname="LAPTOP-D0T5BIHF" failures="0" tests="4" name="dependency.DependMethodsDemo" time="0.015" errors="0" timestamp="2022-10-19T11:46:18 IST" skipped="0">
  <testcase classname="dependency.DependMethodsDemo" name="drivecar" time="0.001"/>
  <system-out/>
  <testcase classname="dependency.DependMethodsDemo" name="stopcar" time="0.001"/>
  <system-out/>
  <testcase classname="dependency.DependMethodsDemo" name="parkcar" time="0.002"/>
  <system-out/>
  <testcase classname="dependency.DependMethodsDemo" name="startcar" time="0.011"/>
  <system-out/>
</testsuite> <!-- dependency.DependMethodsDemo -->
