<?xml version="1.0" encoding="UTF-8"?>
<!-- Generated by org.testng.reporters.JUnitReportReporter -->
<testsuite hostname="LAPTOP-D0T5BIHF" failures="0" tests="1" name="dependency.ParentTest" time="39.694" errors="0" timestamp="2022-10-19T12:58:49 IST" skipped="0">
  <testcase classname="dependency.ParentTest" name="launch_Browser" time="39.694"/>
  <system-out/>
</testsuite> <!-- dependency.ParentTest -->
