<?xml version="1.0" encoding="UTF-8"?>
<!-- Generated by org.testng.reporters.JUnitReportReporter -->
<testsuite hostname="LAPTOP-D0T5BIHF" failures="0" tests="3" name="listeners.ListenersParallelTest" time="26.931" errors="0" timestamp="2022-11-07T18:06:22 IST" skipped="0">
  <testcase classname="listeners.ListenersParallelTest" name="ChromeTest" time="9.256"/>
  <system-out/>
  <testcase classname="listeners.ListenersParallelTest" name="EdgeTest" time="7.762"/>
  <system-out/>
  <testcase classname="listeners.ListenersParallelTest" name="FirefoxTest" time="9.913"/>
  <system-out/>
</testsuite> <!-- listeners.ListenersParallelTest -->
