<?xml version="1.0" encoding="UTF-8"?>
<!-- Generated by org.testng.reporters.JUnitReportReporter -->
<testsuite hostname="LAPTOP-D0T5BIHF" failures="0" tests="6" name="dataprovider.DataProviderDemo" time="0.010" errors="0" timestamp="2022-11-01T17:23:47 IST" skipped="0">
  <testcase classname="dataprovider.DataProviderDemo" name="f" time="0.000"/>
  <system-out/>
  <testcase classname="dataprovider.DataProviderDemo" name="f" time="0.001"/>
  <system-out/>
  <testcase classname="dataprovider.DataProviderDemo" name="f" time="0.001"/>
  <system-out/>
  <testcase classname="dataprovider.DataProviderDemo" name="f" time="0.001"/>
  <system-out/>
  <testcase classname="dataprovider.DataProviderDemo" name="f" time="0.001"/>
  <system-out/>
  <testcase classname="dataprovider.DataProviderDemo" name="f" time="0.006"/>
  <system-out/>
</testsuite> <!-- dataprovider.DataProviderDemo -->
