<?xml version="1.0" encoding="UTF-8"?>
<!-- Generated by org.testng.reporters.JUnitReportReporter -->
<testsuite hostname="LAPTOP-D0T5BIHF" failures="0" tests="3" name="paralleltesting.ParallelTest" time="23.645" errors="0" timestamp="2022-10-31T20:07:53 IST" skipped="0">
  <testcase classname="paralleltesting.ParallelTest" name="EdgeTest" time="6.771"/>
  <system-out/>
  <testcase classname="paralleltesting.ParallelTest" name="ChromeTest" time="8.839"/>
  <system-out/>
  <testcase classname="paralleltesting.ParallelTest" name="FirefoxTest" time="8.035"/>
  <system-out/>
</testsuite> <!-- paralleltesting.ParallelTest -->
