<?xml version="1.0" encoding="UTF-8"?>
<!-- Generated by org.testng.reporters.JUnitReportReporter -->
<testsuite hostname="LAPTOP-D0T5BIHF" failures="0" tests="2" name="TestNgPrograms.AnnotationTest" time="0.008" errors="0" timestamp="2022-10-20T20:16:58 IST" skipped="0">
  <testcase classname="TestNgPrograms.AnnotationTest" name="f" time="0.007"/>
  <system-out/>
  <testcase classname="TestNgPrograms.AnnotationTest" name="s" time="0.001"/>
  <system-out/>
</testsuite> <!-- TestNgPrograms.AnnotationTest -->
