<?xml version="1.0" encoding="UTF-8"?>
<!-- Generated by org.testng.reporters.JUnitReportReporter -->
<testsuite hostname="LAPTOP-D0T5BIHF" failures="0" tests="4" name="TestNgPrograms.PriorityEx" time="17.692" errors="0" timestamp="2022-10-19T19:23:58 IST" skipped="0">
  <testcase classname="TestNgPrograms.PriorityEx" name="Launch_Chrome" time="13.643"/>
  <system-out/>
  <testcase classname="TestNgPrograms.PriorityEx" name="Check_Test" time="1.626"/>
  <system-out/>
  <testcase classname="TestNgPrograms.PriorityEx" name="Check_Title" time="0.013"/>
  <system-out/>
  <testcase classname="TestNgPrograms.PriorityEx" name="Tear_down" time="2.410"/>
  <system-out/>
</testsuite> <!-- TestNgPrograms.PriorityEx -->
