<?xml version="1.0" encoding="UTF-8"?>
<!-- Generated by org.testng.reporters.JUnitReportReporter -->
<testsuite hostname="LAPTOP-D0T5BIHF" failures="0" tests="9" name="parametersdemo.ParameterEx1" time="18.466" errors="0" timestamp="2022-10-22T21:53:46 IST" skipped="0">
  <testcase classname="parametersdemo.ParameterEx1" name="website" time="2.572"/>
  <system-out/>
  <testcase classname="parametersdemo.ParameterEx1" name="website" time="2.255"/>
  <system-out/>
  <testcase classname="parametersdemo.ParameterEx1" name="SignIn" time="1.034"/>
  <system-out/>
  <testcase classname="parametersdemo.ParameterEx1" name="SignIn" time="0.975"/>
  <system-out/>
  <testcase classname="parametersdemo.ParameterEx1" name="setup" time="2.371"/>
  <system-out/>
  <testcase classname="parametersdemo.ParameterEx1" name="setup" time="3.437"/>
  <system-out/>
  <testcase classname="parametersdemo.ParameterEx1" name="SignIn" time="1.062"/>
  <system-out/>
  <testcase classname="parametersdemo.ParameterEx1" name="setup" time="2.388"/>
  <system-out/>
  <testcase classname="parametersdemo.ParameterEx1" name="website" time="2.372"/>
  <system-out/>
</testsuite> <!-- parametersdemo.ParameterEx1 -->
