<?xml version="1.0" encoding="UTF-8"?>
<!-- Generated by org.testng.reporters.JUnitReportReporter -->
<testsuite hostname="LAPTOP-D0T5BIHF" failures="0" tests="3" name="TestNgPrograms.FirstTest" time="19.474" errors="0" timestamp="2022-10-15T12:07:37 IST" skipped="0">
  <testcase classname="TestNgPrograms.FirstTest" name="launch_firefox" time="6.257"/>
  <system-out/>
  <testcase classname="TestNgPrograms.FirstTest" name="launch_edge" time="6.400"/>
  <system-out/>
  <testcase classname="TestNgPrograms.FirstTest" name="launch_chrome" time="6.817"/>
  <system-out/>
</testsuite> <!-- TestNgPrograms.FirstTest -->
