<?xml version="1.0" encoding="UTF-8"?>
<!-- Generated by org.testng.reporters.JUnitReportReporter -->
<testsuite hostname="LAPTOP-D0T5BIHF" failures="0" tests="3" name="TestNgPrograms.TestDemo" time="22.874" errors="0" timestamp="2022-10-19T10:34:30 IST" skipped="0">
  <testcase classname="TestNgPrograms.TestDemo" name="firsttest" time="22.845"/>
  <system-out/>
  <testcase classname="TestNgPrograms.TestDemo" name="secondtest" time="0.015"/>
  <system-out/>
  <testcase classname="TestNgPrograms.TestDemo" name="thirdtest" time="0.014"/>
  <system-out/>
</testsuite> <!-- TestNgPrograms.TestDemo -->
