<?xml version="1.0" encoding="UTF-8"?>
<!-- Generated by org.testng.reporters.JUnitReportReporter -->
<testsuite hostname="LAPTOP-D0T5BIHF" failures="0" tests="3" name="assertdemo.HardAssertEx1" time="7.629" errors="0" timestamp="2022-10-28T16:48:33 IST" skipped="0">
  <testcase classname="assertdemo.HardAssertEx1" name="launch_Browser" time="7.549"/>
  <system-out/>
  <testcase classname="assertdemo.HardAssertEx1" name="checkTitle" time="0.071"/>
  <system-out/>
  <testcase classname="assertdemo.HardAssertEx1" name="checkURL" time="0.009"/>
  <system-out/>
</testsuite> <!-- assertdemo.HardAssertEx1 -->
