<?xml version="1.0" encoding="UTF-8"?>
<!-- Generated by org.testng.reporters.JUnitReportReporter -->
<testsuite hostname="LAPTOP-D0T5BIHF" failures="0" tests="4" name="parametersdemo.ParametersEx" time="0.010" errors="0" timestamp="2022-10-20T11:17:23 IST" skipped="0">
  <testcase classname="parametersdemo.ParametersEx" name="Div" time="0.001"/>
  <system-out/>
  <testcase classname="parametersdemo.ParametersEx" name="Mul" time="0.000"/>
  <system-out/>
  <testcase classname="parametersdemo.ParametersEx" name="Add" time="0.009"/>
  <system-out/>
  <testcase classname="parametersdemo.ParametersEx" name="Sub" time="0.000"/>
  <system-out/>
</testsuite> <!-- parametersdemo.ParametersEx -->
