<?xml version="1.0" encoding="UTF-8"?>
<!-- Generated by org.testng.reporters.JUnitReportReporter -->
<testsuite hostname="LAPTOP-D0T5BIHF" failures="0" tests="5" name="dependency.DependencyGroupsdemo" time="0.016" errors="0" timestamp="2022-10-19T12:43:33 IST" skipped="0">
  <testcase classname="dependency.DependencyGroupsdemo" name="loginWithValidCredintials" time="0.001"/>
  <system-out/>
  <testcase classname="dependency.DependencyGroupsdemo" name="loginWithoutProvidingCredentials" time="0.001"/>
  <system-out/>
  <testcase classname="dependency.DependencyGroupsdemo" name="loginWithInvalidCredentials" time="0.011"/>
  <system-out/>
  <testcase classname="dependency.DependencyGroupsdemo" name="loginWithValidandinvalidpasswordcredintials" time="0.001"/>
  <system-out/>
  <testcase classname="dependency.DependencyGroupsdemo" name="loginWithInvalidEmailAndValidPassword" time="0.002"/>
  <system-out/>
</testsuite> <!-- dependency.DependencyGroupsdemo -->
