<?xml version="1.0" encoding="UTF-8"?>
<!-- Generated by org.testng.reporters.JUnitReportReporter -->
<testsuite hostname="LAPTOP-D0T5BIHF" failures="0" tests="6" name="paralleltesting.ChromeTest" time="58.822" errors="0" timestamp="2022-11-01T10:27:02 IST" skipped="0">
  <testcase classname="paralleltesting.ChromeTest" name="Chromelaunch" time="9.258"/>
  <system-out/>
  <testcase classname="paralleltesting.ChromeTest" name="Chromelaunch" time="11.029"/>
  <system-out/>
  <testcase classname="paralleltesting.ChromeTest" name="Chromelaunch" time="12.142"/>
  <system-out/>
  <testcase classname="paralleltesting.ChromeTest" name="Chromelaunch" time="10.490"/>
  <system-out/>
  <testcase classname="paralleltesting.ChromeTest" name="Chromelaunch" time="5.413"/>
  <system-out/>
  <testcase classname="paralleltesting.ChromeTest" name="Chromelaunch" time="10.490"/>
  <system-out/>
</testsuite> <!-- paralleltesting.ChromeTest -->
