<?xml version="1.0" encoding="UTF-8"?>
<!-- Generated by org.testng.reporters.JUnitReportReporter -->
<testsuite hostname="LAPTOP-D0T5BIHF" failures="0" tests="5" name="TestNgPrograms.DependsOnMethodEx" time="17.953" errors="0" timestamp="2022-10-20T10:47:32 IST" skipped="0">
  <testcase classname="TestNgPrograms.DependsOnMethodEx" name="Tear_down" time="2.402"/>
  <system-out/>
  <testcase classname="TestNgPrograms.DependsOnMethodEx" name="Launch_Chrome" time="12.748"/>
  <system-out/>
  <testcase classname="TestNgPrograms.DependsOnMethodEx" name="Forgot_Password" time="1.277"/>
  <system-out/>
  <testcase classname="TestNgPrograms.DependsOnMethodEx" name="Check_Title" time="0.016"/>
  <system-out>
    <![CDATA[Actual Title Test Get Pass When Title Matches
Login Page | Test Creator - TestYou
http://www.testyou.in/Login.aspx]]>
  </system-out>
  <testcase classname="TestNgPrograms.DependsOnMethodEx" name="Check_Test" time="1.510"/>
  <system-out/>
</testsuite> <!-- TestNgPrograms.DependsOnMethodEx -->
