<?xml version="1.0" encoding="UTF-8"?>
<!-- Generated by org.testng.reporters.JUnitReportReporter -->
<testsuite hostname="LAPTOP-D0T5BIHF" failures="0" tests="1" name="TestNgPrograms.GroupsTestDemo" time="10.978" errors="0" timestamp="2022-10-19T10:34:30 IST" skipped="0">
  <testcase classname="TestNgPrograms.GroupsTestDemo" name="launch_browser" time="10.978"/>
  <system-out/>
</testsuite> <!-- TestNgPrograms.GroupsTestDemo -->
