<?xml version="1.0" encoding="UTF-8"?>
<!-- Generated by org.testng.reporters.JUnitReportReporter -->
<testsuite hostname="LAPTOP-D0T5BIHF" failures="0" tests="2" name="TestNgPrograms.MethodsTestDemo" time="29.845" errors="0" timestamp="2022-10-16T17:52:01 IST" skipped="0">
  <testcase classname="TestNgPrograms.MethodsTestDemo" name="VarifyTitle" time="11.500"/>
  <system-out/>
  <testcase classname="TestNgPrograms.MethodsTestDemo" name="ClickOn" time="18.345"/>
  <system-out/>
</testsuite> <!-- TestNgPrograms.MethodsTestDemo -->
